<?xml version="1.0" encoding="UTF-8"?>
<testng-results ignored="0" total="10" passed="10" failed="0" skipped="0">
  <reporter-output>
  </reporter-output>
  <suite started-at="2025-03-10T21:47:17 IST" name="Default suite" finished-at="2025-03-10T22:26:09 IST" duration-ms="2332322">
    <groups>
    </groups>
    <test started-at="2025-03-10T21:47:17 IST" name="Default test" finished-at="2025-03-10T22:26:09 IST" duration-ms="2332322">
      <class name="winspect.com.Winspect_Desktop">
        <test-method is-config="true" signature="Test_A()[pri:0, instance:winspect.com.Winspect_Desktop@48f2bd5b]" started-at="2025-03-10T21:47:06 IST" name="Test_A" finished-at="2025-03-10T21:47:17 IST" duration-ms="11250" status="PASS">
          <reporter-output>
          </reporter-output>
        </test-method> <!-- Test_A -->
        <test-method signature="company_Key()[pri:1, instance:winspect.com.Winspect_Desktop@48f2bd5b]" started-at="2025-03-10T21:47:17 IST" name="company_Key" finished-at="2025-03-10T21:47:32 IST" duration-ms="15322" status="PASS">
          <reporter-output>
          </reporter-output>
        </test-method> <!-- company_Key -->
        <test-method signature="userName()[pri:2, instance:winspect.com.Winspect_Desktop@48f2bd5b]" started-at="2025-03-10T21:47:32 IST" name="userName" finished-at="2025-03-10T21:47:33 IST" duration-ms="1010" status="PASS">
          <reporter-output>
          </reporter-output>
        </test-method> <!-- userName -->
        <test-method signature="password()[pri:3, instance:winspect.com.Winspect_Desktop@48f2bd5b]" started-at="2025-03-10T21:47:33 IST" name="password" finished-at="2025-03-10T21:47:36 IST" duration-ms="2289" status="PASS">
          <reporter-output>
          </reporter-output>
        </test-method> <!-- password -->
        <test-method signature="signIn()[pri:4, instance:winspect.com.Winspect_Desktop@48f2bd5b]" started-at="2025-03-10T21:47:36 IST" name="signIn" finished-at="2025-03-10T21:47:37 IST" duration-ms="1754" status="PASS">
          <reporter-output>
          </reporter-output>
        </test-method> <!-- signIn -->
        <test-method signature="pastOrder()[pri:5, instance:winspect.com.Winspect_Desktop@48f2bd5b]" started-at="2025-03-10T21:47:37 IST" name="pastOrder" finished-at="2025-03-10T21:47:50 IST" duration-ms="12605" status="PASS">
          <reporter-output>
          </reporter-output>
        </test-method> <!-- pastOrder -->
        <test-method signature="orderCard()[pri:6, instance:winspect.com.Winspect_Desktop@48f2bd5b]" started-at="2025-03-10T21:47:50 IST" name="orderCard" finished-at="2025-03-10T21:47:53 IST" duration-ms="2913" status="PASS">
          <reporter-output>
          </reporter-output>
        </test-method> <!-- orderCard -->
        <test-method signature="agreementPopup()[pri:7, instance:winspect.com.Winspect_Desktop@48f2bd5b]" started-at="2025-03-10T21:47:53 IST" name="agreementPopup" finished-at="2025-03-10T21:48:08 IST" duration-ms="15386" status="PASS">
          <reporter-output>
          </reporter-output>
        </test-method> <!-- agreementPopup -->
        <test-method signature="orderDetailsPage()[pri:7, instance:winspect.com.Winspect_Desktop@48f2bd5b]" started-at="2025-03-10T21:48:08 IST" name="orderDetailsPage" finished-at="2025-03-10T21:48:22 IST" duration-ms="13708" status="PASS">
          <reporter-output>
          </reporter-output>
        </test-method> <!-- orderDetailsPage -->
        <test-method signature="continueInspection()[pri:8, instance:winspect.com.Winspect_Desktop@48f2bd5b]" started-at="2025-03-10T21:48:22 IST" name="continueInspection" finished-at="2025-03-10T21:48:33 IST" duration-ms="10669" status="PASS">
          <reporter-output>
          </reporter-output>
        </test-method> <!-- continueInspection -->
        <test-method signature="searchRemarks()[pri:10, instance:winspect.com.Winspect_Desktop@48f2bd5b]" started-at="2025-03-10T21:48:33 IST" name="searchRemarks" finished-at="2025-03-10T22:26:09 IST" duration-ms="2256571" status="PASS">
          <reporter-output>
          </reporter-output>
        </test-method> <!-- searchRemarks -->
      </class> <!-- winspect.com.Winspect_Desktop -->
    </test> <!-- Default test -->
  </suite> <!-- Default suite -->
</testng-results>
