<?xml version="1.0" encoding="UTF-8"?>
<!-- Generated by org.testng.reporters.JUnitXMLReporter -->
<testsuite ignored="0" hostname="Balaji-Kathirwals-MacBook-Pro.local" failures="0" tests="10" name="Default test" time="2332.322" errors="0" timestamp="2025-03-10T22:26:09 IST">
  <testcase classname="winspect.com.Winspect_Desktop" name="company_Key" time="15.322"/>
  <testcase classname="winspect.com.Winspect_Desktop" name="userName" time="1.01"/>
  <testcase classname="winspect.com.Winspect_Desktop" name="password" time="2.289"/>
  <testcase classname="winspect.com.Winspect_Desktop" name="signIn" time="1.754"/>
  <testcase classname="winspect.com.Winspect_Desktop" name="pastOrder" time="12.605"/>
  <testcase classname="winspect.com.Winspect_Desktop" name="orderCard" time="2.913"/>
  <testcase classname="winspect.com.Winspect_Desktop" name="agreementPopup" time="15.386"/>
  <testcase classname="winspect.com.Winspect_Desktop" name="orderDetailsPage" time="13.708"/>
  <testcase classname="winspect.com.Winspect_Desktop" name="continueInspection" time="10.669"/>
  <testcase classname="winspect.com.Winspect_Desktop" name="searchRemarks" time="2256.571"/>
</testsuite> <!-- Default test -->
